This is pdfTeX, Version 3.141592653-2.6-1.40.25 (TeX Live 2023) (preloaded format=pdflatex 2024.1.21)  15 OCT 2025 21:43
entering extended mode
 restricted \write18 enabled.
 %&-line parsing enabled.
**"/Applications/study/CFA/Level 1/financial analysis/financial analysis.tex"
(/Applications/study/CFA/Level 1/financial analysis/financial analysis.tex
LaTeX2e <2022-11-01> patch level 1
L3 programming layer <2023-02-22>
(/usr/local/texlive/2023/texmf-dist/tex/latex/base/article.cls
Document Class: article 2022/07/02 v1.4n Standard LaTeX document class
(/usr/local/texlive/2023/texmf-dist/tex/latex/base/size12.clo
File: size12.clo 2022/07/02 v1.4n Standard LaTeX file (size option)
)
\c@part=\count185
\c@section=\count186
\c@subsection=\count187
\c@subsubsection=\count188
\c@paragraph=\count189
\c@subparagraph=\count190
\c@figure=\count191
\c@table=\count192
\abovecaptionskip=\skip48
\belowcaptionskip=\skip49
\bibindent=\dimen140
)
(/usr/local/texlive/2023/texmf-dist/tex/latex/amsmath/amsmath.sty
Package: amsmath 2022/04/08 v2.17n AMS math features
\@mathmargin=\skip50

For additional information on amsmath, use the `?' option.
(/usr/local/texlive/2023/texmf-dist/tex/latex/amsmath/amstext.sty
Package: amstext 2021/08/26 v2.01 AMS text

(/usr/local/texlive/2023/texmf-dist/tex/latex/amsmath/amsgen.sty
File: amsgen.sty 1999/11/30 v2.0 generic functions
\@emptytoks=\toks16
\ex@=\dimen141
))
(/usr/local/texlive/2023/texmf-dist/tex/latex/amsmath/amsbsy.sty
Package: amsbsy 1999/11/29 v1.2d Bold Symbols
\pmbraise@=\dimen142
)
(/usr/local/texlive/2023/texmf-dist/tex/latex/amsmath/amsopn.sty
Package: amsopn 2022/04/08 v2.04 operator names
)
\inf@bad=\count193
LaTeX Info: Redefining \frac on input line 234.
\uproot@=\count194
\leftroot@=\count195
LaTeX Info: Redefining \overline on input line 399.
LaTeX Info: Redefining \colon on input line 410.
\classnum@=\count196
\DOTSCASE@=\count197
LaTeX Info: Redefining \ldots on input line 496.
LaTeX Info: Redefining \dots on input line 499.
LaTeX Info: Redefining \cdots on input line 620.
\Mathstrutbox@=\box51
\strutbox@=\box52
LaTeX Info: Redefining \big on input line 722.
LaTeX Info: Redefining \Big on input line 723.
LaTeX Info: Redefining \bigg on input line 724.
LaTeX Info: Redefining \Bigg on input line 725.
\big@size=\dimen143
LaTeX Font Info:    Redeclaring font encoding OML on input line 743.
LaTeX Font Info:    Redeclaring font encoding OMS on input line 744.
\macc@depth=\count198
LaTeX Info: Redefining \bmod on input line 905.
LaTeX Info: Redefining \pmod on input line 910.
LaTeX Info: Redefining \smash on input line 940.
LaTeX Info: Redefining \relbar on input line 970.
LaTeX Info: Redefining \Relbar on input line 971.
\c@MaxMatrixCols=\count199
\dotsspace@=\muskip16
\c@parentequation=\count266
\dspbrk@lvl=\count267
\tag@help=\toks17
\row@=\count268
\column@=\count269
\maxfields@=\count270
\andhelp@=\toks18
\eqnshift@=\dimen144
\alignsep@=\dimen145
\tagshift@=\dimen146
\tagwidth@=\dimen147
\totwidth@=\dimen148
\lineht@=\dimen149
\@envbody=\toks19
\multlinegap=\skip51
\multlinetaggap=\skip52
\mathdisplay@stack=\toks20
LaTeX Info: Redefining \[ on input line 2953.
LaTeX Info: Redefining \] on input line 2954.
)
(/usr/local/texlive/2023/texmf-dist/tex/latex/geometry/geometry.sty
Package: geometry 2020/01/02 v5.9 Page Geometry

(/usr/local/texlive/2023/texmf-dist/tex/latex/graphics/keyval.sty
Package: keyval 2022/05/29 v1.15 key=value parser (DPC)
\KV@toks@=\toks21
)
(/usr/local/texlive/2023/texmf-dist/tex/generic/iftex/ifvtex.sty
Package: ifvtex 2019/10/25 v1.7 ifvtex legacy package. Use iftex instead.

(/usr/local/texlive/2023/texmf-dist/tex/generic/iftex/iftex.sty
Package: iftex 2022/02/03 v1.0f TeX engine tests
))
\Gm@cnth=\count271
\Gm@cntv=\count272
\c@Gm@tempcnt=\count273
\Gm@bindingoffset=\dimen150
\Gm@wd@mp=\dimen151
\Gm@odd@mp=\dimen152
\Gm@even@mp=\dimen153
\Gm@layoutwidth=\dimen154
\Gm@layoutheight=\dimen155
\Gm@layouthoffset=\dimen156
\Gm@layoutvoffset=\dimen157
\Gm@dimlist=\toks22
)
(/usr/local/texlive/2023/texmf-dist/tex/latex/graphics/graphicx.sty
Package: graphicx 2021/09/16 v1.2d Enhanced LaTeX Graphics (DPC,SPQR)

(/usr/local/texlive/2023/texmf-dist/tex/latex/graphics/graphics.sty
Package: graphics 2022/03/10 v1.4e Standard LaTeX Graphics (DPC,SPQR)

(/usr/local/texlive/2023/texmf-dist/tex/latex/graphics/trig.sty
Package: trig 2021/08/11 v1.11 sin cos tan (DPC)
)
(/usr/local/texlive/2023/texmf-dist/tex/latex/graphics-cfg/graphics.cfg
File: graphics.cfg 2016/06/04 v1.11 sample graphics configuration
)
Package graphics Info: Driver file: pdftex.def on input line 107.

(/usr/local/texlive/2023/texmf-dist/tex/latex/graphics-def/pdftex.def
File: pdftex.def 2022/09/22 v1.2b Graphics/color driver for pdftex
))
\Gin@req@height=\dimen158
\Gin@req@width=\dimen159
)
(/usr/local/texlive/2023/texmf-dist/tex/latex/booktabs/booktabs.sty
Package: booktabs 2020/01/12 v1.61803398 Publication quality tables
\heavyrulewidth=\dimen160
\lightrulewidth=\dimen161
\cmidrulewidth=\dimen162
\belowrulesep=\dimen163
\belowbottomsep=\dimen164
\aboverulesep=\dimen165
\abovetopsep=\dimen166
\cmidrulesep=\dimen167
\cmidrulekern=\dimen168
\defaultaddspace=\dimen169
\@cmidla=\count274
\@cmidlb=\count275
\@aboverulesep=\dimen170
\@belowrulesep=\dimen171
\@thisruleclass=\count276
\@lastruleclass=\count277
\@thisrulewidth=\dimen172
)
(/usr/local/texlive/2023/texmf-dist/tex/latex/caption/caption.sty
Package: caption 2023/03/12 v3.6j Customizing captions (AR)

(/usr/local/texlive/2023/texmf-dist/tex/latex/caption/caption3.sty
Package: caption3 2023/03/12 v2.4 caption3 kernel (AR)
\caption@tempdima=\dimen173
\captionmargin=\dimen174
\caption@leftmargin=\dimen175
\caption@rightmargin=\dimen176
\caption@width=\dimen177
\caption@indent=\dimen178
\caption@parindent=\dimen179
\caption@hangindent=\dimen180
Package caption Info: Standard document class detected.
)
\c@caption@flags=\count278
\c@continuedfloat=\count279
)
(/usr/local/texlive/2023/texmf-dist/tex/latex/titlesec/titlesec.sty
Package: titlesec 2021/07/05 v2.14 Sectioning titles
\ttl@box=\box53
\beforetitleunit=\skip53
\aftertitleunit=\skip54
\ttl@plus=\dimen181
\ttl@minus=\dimen182
\ttl@toksa=\toks23
\titlewidth=\dimen183
\titlewidthlast=\dimen184
\titlewidthfirst=\dimen185
)
(/usr/local/texlive/2023/texmf-dist/tex/latex/float/float.sty
Package: float 2001/11/08 v1.3d Float enhancements (AL)
\c@float@type=\count280
\float@exts=\toks24
\float@box=\box54
\@float@everytoks=\toks25
\@floatcapt=\box55
)
(/usr/local/texlive/2023/texmf-dist/tex/latex/makecell/makecell.sty
Package: makecell 2009/08/03 V0.1e Managing of Tab Column Heads and Cells

(/usr/local/texlive/2023/texmf-dist/tex/latex/tools/array.sty
Package: array 2022/09/04 v2.5g Tabular extension package (FMi)
\col@sep=\dimen186
\ar@mcellbox=\box56
\extrarowheight=\dimen187
\NC@list=\toks26
\extratabsurround=\skip55
\backup@length=\skip56
\ar@cellbox=\box57
)
\rotheadsize=\dimen188
\c@nlinenum=\count281
\TeXr@lab=\toks27
)
(/usr/local/texlive/2023/texmf-dist/tex/latex/tools/tabularx.sty
Package: tabularx 2020/01/15 v2.11c `tabularx' package (DPC)
\TX@col@width=\dimen189
\TX@old@table=\dimen190
\TX@old@col=\dimen191
\TX@target=\dimen192
\TX@delta=\dimen193
\TX@cols=\count282
\TX@ftn=\toks28
)
(/usr/local/texlive/2023/texmf-dist/tex/latex/l3backend/l3backend-pdftex.def
File: l3backend-pdftex.def 2023-01-16 L3 backend support: PDF output (pdfTeX)
\l__color_backend_stack_int=\count283
\l__pdf_internal_box=\box58
)
(/Applications/study/CFA/Level 1/financial analysis/financial analysis.aux)
\openout1 = `"financial analysis.aux"'.

LaTeX Font Info:    Checking defaults for OML/cmm/m/it on input line 26.
LaTeX Font Info:    ... okay on input line 26.
LaTeX Font Info:    Checking defaults for OMS/cmsy/m/n on input line 26.
LaTeX Font Info:    ... okay on input line 26.
LaTeX Font Info:    Checking defaults for OT1/cmr/m/n on input line 26.
LaTeX Font Info:    ... okay on input line 26.
LaTeX Font Info:    Checking defaults for T1/cmr/m/n on input line 26.
LaTeX Font Info:    ... okay on input line 26.
LaTeX Font Info:    Checking defaults for TS1/cmr/m/n on input line 26.
LaTeX Font Info:    ... okay on input line 26.
LaTeX Font Info:    Checking defaults for OMX/cmex/m/n on input line 26.
LaTeX Font Info:    ... okay on input line 26.
LaTeX Font Info:    Checking defaults for U/cmr/m/n on input line 26.
LaTeX Font Info:    ... okay on input line 26.

*geometry* driver: auto-detecting
*geometry* detected driver: pdftex
*geometry* verbose mode - [ preamble ] result:
* driver: pdftex
* paper: <default>
* layout: <same size as paper>
* layoutoffset:(h,v)=(0.0pt,0.0pt)
* modes: 
* h-part:(L,W,R)=(72.26999pt, 469.75502pt, 72.26999pt)
* v-part:(T,H,B)=(72.26999pt, 650.43001pt, 72.26999pt)
* \paperwidth=614.295pt
* \paperheight=794.96999pt
* \textwidth=469.75502pt
* \textheight=650.43001pt
* \oddsidemargin=0.0pt
* \evensidemargin=0.0pt
* \topmargin=-37.0pt
* \headheight=12.0pt
* \headsep=25.0pt
* \topskip=12.0pt
* \footskip=30.0pt
* \marginparwidth=44.0pt
* \marginparsep=10.0pt
* \columnsep=10.0pt
* \skip\footins=10.8pt plus 4.0pt minus 2.0pt
* \hoffset=0.0pt
* \voffset=0.0pt
* \mag=1000
* \@twocolumnfalse
* \@twosidefalse
* \@mparswitchfalse
* \@reversemarginfalse
* (1in=72.27pt=25.4mm, 1cm=28.453pt)

(/usr/local/texlive/2023/texmf-dist/tex/context/base/mkii/supp-pdf.mkii
[Loading MPS to PDF converter (version 2006.09.02).]
\scratchcounter=\count284
\scratchdimen=\dimen194
\scratchbox=\box59
\nofMPsegments=\count285
\nofMParguments=\count286
\everyMPshowfont=\toks29
\MPscratchCnt=\count287
\MPscratchDim=\dimen195
\MPnumerator=\count288
\makeMPintoPDFobject=\count289
\everyMPtoPDFconversion=\toks30
) (/usr/local/texlive/2023/texmf-dist/tex/latex/epstopdf-pkg/epstopdf-base.sty
Package: epstopdf-base 2020-01-24 v2.11 Base part for package epstopdf
Package epstopdf-base Info: Redefining graphics rule for `.eps' on input line 4
85.

(/usr/local/texlive/2023/texmf-dist/tex/latex/latexconfig/epstopdf-sys.cfg
File: epstopdf-sys.cfg 2010/07/13 v1.3 Configuration of (r)epstopdf for TeX Liv
e
))
Package caption Info: Begin \AtBeginDocument code.
Package caption Info: float package is loaded.
Package caption Info: End \AtBeginDocument code.


LaTeX Warning: No \author given.


Underfull \hbox (badness 10000) in paragraph at lines 54--54
[]|\OT1/cmr/bx/n/10.95 Articulate the
 []


Underfull \hbox (badness 10000) in paragraph at lines 54--54
\OT1/cmr/bx/n/10.95 pur-pose and
 []


Underfull \hbox (badness 10000) in paragraph at lines 54--54
\OT1/cmr/bx/n/10.95 con-text of the
 []


Underfull \hbox (badness 10000) in paragraph at lines 70--71
[]\OT1/cmr/m/n/10.95 Questionnaires and in-dus-
 []


Underfull \hbox (badness 1997) in paragraph at lines 75--76
[]\OT1/cmr/m/n/10.95 Financial state-ments and
 []


Underfull \hbox (badness 1270) in paragraph at lines 76--77
[]\OT1/cmr/m/n/10.95 Completed ques-tion-naires,
 []


Underfull \hbox (badness 4621) in paragraph at lines 81--82
[]\OT1/cmr/m/n/10.95 Adjusted fi-nan-cial state-
 []


Underfull \hbox (badness 10000) in paragraph at lines 86--86
[]|\OT1/cmr/bx/n/10.95 Analyze/interpret
 []


Underfull \hbox (badness 2564) in paragraph at lines 93--93
\OT1/cmr/bx/n/10.95 mu-ni-cate con-clu-
 []


Underfull \hbox (badness 1137) in paragraph at lines 95--96
[]\OT1/cmr/m/n/10.95 Analytical re-port an-swer-
 []


Underfull \hbox (badness 3375) in paragraph at lines 96--97
[]\OT1/cmr/m/n/10.95 Recommendations on in-
 []


Overfull \hbox (8.86264pt too wide) in paragraph at lines 50--106
 [][] 
 []

[1

{/usr/local/texlive/2023/texmf-var/fonts/map/pdftex/updmap/pdftex.map}{/usr/loc
al/texlive/2023/texmf-dist/fonts/enc/dvips/cm-super/cm-super-ts1.enc}]
[2] [3]
Overfull \hbox (24.23169pt too wide) in paragraph at lines 200--201
[]\OT1/cmr/m/n/12 Understand is-suer's macroe-co-nomic en-vi-ron-ment (e.g., ec
o-nomic growth prospects,
 []

[4] [5] [6] [7]
Underfull \hbox (badness 1102) in paragraph at lines 396--396
[]|\OT1/cmr/bx/n/10.95 Panel B: News Ar-ti-cle Sum-mary
 []


Underfull \hbox (badness 1297) in paragraph at lines 399--400
[]\OT1/cmr/m/n/10.95 Gross profit: US\TS1/cmr/m/n/10.95 $\OT1/cmr/m/n/10.95 1.1
 bil-lion, up
 []


Underfull \hbox (badness 1178) in paragraph at lines 400--401
[]\OT1/cmr/m/n/10.95 Net loss: US\TS1/cmr/m/n/10.95 $\OT1/cmr/m/n/10.95 (931.2)
 mil-lion vs.
 []


Underfull \hbox (badness 10000) in paragraph at lines 403--404
[]\OT1/cmr/m/n/10.95 Strategic shift: Sus-pended e-
 []

[8]
Underfull \hbox (badness 5331) in paragraph at lines 434--435
\OT1/cmr/m/n/10.95 and fi-nan-cial per-for-mance, sub-
 []

[9] [10]
Overfull \hbox (1.77199pt too wide) in paragraph at lines 521--522
[]\OT1/cmr/m/n/12 Laws and reg-u-la-tions re-main jurisdiction-specific, ne-ces
-si-tat-ing co-op-er-a-tion among
 []

[11] [12] [13] [14] [15]
Overfull \hbox (21.56706pt too wide) in paragraph at lines 779--796
 [][] 
 []

[16]

LaTeX Warning: `!h' float specifier changed to `!ht'.

[17] [18] [19] [20]
Underfull \hbox (badness 3179) in paragraph at lines 1027--1028
[]|\OT1/cmr/m/n/10 FIFO and Weighted Av-er-age
 []


Underfull \hbox (badness 10000) in paragraph at lines 1031--1031
[]|\OT1/cmr/m/n/10 Reversal of in-ven-tory
 []


Underfull \hbox (badness 1888) in paragraph at lines 1031--1032
[]|\OT1/cmr/m/n/10 Permissible if spec-i-fied con-di-
 []

[21]
Underfull \hbox (badness 10000) in paragraph at lines 1073--1073
[]|\OT1/cmr/m/n/10 New Fi-nan-cial Prod-
 []

[22]
Underfull \hbox (badness 2460) in paragraph at lines 1129--1129
[]|\OT1/cmr/m/n/10 Obtain man-age-ment's ex-pla-na-tion of es-ti-mates,
 []


LaTeX Warning: `!h' float specifier changed to `!ht'.

[23] [24]
Overfull \hbox (13.82281pt too wide) in paragraph at lines 1212--1213
[]\OT1/cmr/bx/n/12 Press Re-leases: \OT1/cmr/m/n/12 An-nounce-ments on events, 
prod-uct changes, man-age-ment changes,
 []

[25]
Underfull \hbox (badness 10000) in paragraph at lines 1260--1260
[]|\OT1/cmr/m/n/10 Proprietary Third-Party
 []


Underfull \hbox (badness 10000) in paragraph at lines 1261--1261
[]|\OT1/cmr/m/n/10 Proprietary Pri-mary Re-
 []

[26]
Overfull \hbox (63.54178pt too wide) in paragraph at lines 1301--1308
 [][] 
 []

[27]
Overfull \hbox (21.02457pt too wide) in paragraph at lines 1319--1320
[]\OT1/cmr/m/n/12 Aim: Pro-vide a principles-based ap-proach ap-pli-ca-ble acro
ss di-verse revenue-generating
 []

[28]
Overfull \hbox (8.14297pt too wide) in paragraph at lines 1403--1404
[]\OT1/cmr/m/n/12 Revenue dis-ag-gre-gated into company-owned store sales, fran
-chise roy-al-ties/fees,
 []

[29] [30]
Underfull \hbox (badness 1014) in paragraph at lines 1486--1487
[]|\OT1/cmr/bx/n/10 Expensed Costs (In-come State-
 []


Underfull \hbox (badness 1675) in paragraph at lines 1490--1490
[]|\OT1/cmr/m/n/10 Software de-vel-op-ment costs meet-ing
 []


Overfull \hbox (1.21504pt too wide) in paragraph at lines 1501--1502
[]\OT1/cmr/m/n/12 Analysts must un-der-stand company-specific poli-cies to ad-j
ust com-pa-ra-bil-ity across
 []

[31] [32] [33]
Overfull \hbox (0.19159pt too wide) in paragraph at lines 1650--1651
[]\OT1/cmr/m/n/12 A com-pany pur-chases a GBP300 com-puter with a 3-year life, 
de-pre-ci-at-ing GBP100
 []

[34] [35] [36]
Overfull \hbox (16.06917pt too wide) in paragraph at lines 1779--1780
[]\OT1/cmr/m/n/12 Analysts should com-pute key ra-tios (e.g., P/E, Price/Operat
ing Cash Flow, EV/EBITDA)
 []

[37] [38]
Overfull \hbox (56.33316pt too wide) in paragraph at lines 1872--1899
 [][] 
 []

[39] [40] [41] [42] [43] [44] [45] [46]
Overfull \hbox (3.54301pt too wide) in paragraph at lines 2261--2262
[]\OT1/cmr/m/n/12 Convertible pre-ferred shares are no longer out-stand-ing, in
-creas-ing the weighted
 []


Overfull \hbox (10.31268pt too wide) in paragraph at lines 2266--2267
[]\OT1/cmr/bx/n/12 Diluted EPS For-mula (If-Converted Method for Con-vert-ible 
Pre-ferred Stock): 
 []

[47]
Overfull \hbox (38.004pt too wide) detected at line 2284
[] \OT1/cmr/m/n/10.95 = [] = [] = [] = 3\OML/cmm/m/it/10.95 :\OT1/cmr/m/n/10.95
 10
 []

[48]
Overfull \hbox (38.77614pt too wide) detected at line 2360
[] \OT1/cmr/m/n/10.95 = []
 []

[49] [50]
Overfull \hbox (56.91188pt too wide) in paragraph at lines 2445--2458
 [][] 
 []

[51]
Overfull \hbox (5.96265pt too wide) in paragraph at lines 2489--2506
 [][] 
 []

[52] [53] [54]
(/Applications/study/CFA/Level 1/financial analysis/financial analysis.aux) ) 
Here is how much of TeX's memory you used:
 4698 strings out of 476025
 77891 string characters out of 5790017
 1872388 words of memory out of 5000000
 25122 multiletter control sequences out of 15000+600000
 522753 words of font info for 68 fonts, out of 8000000 for 9000
 1141 hyphenation exceptions out of 8191
 57i,16n,63p,373b,463s stack positions out of 10000i,1000n,20000p,200000b,200000s
</
usr/local/texlive/2023/texmf-dist/fonts/type1/public/amsfonts/cm/cmbx10.pfb></u
sr/local/texlive/2023/texmf-dist/fonts/type1/public/amsfonts/cm/cmbx12.pfb></us
r/local/texlive/2023/texmf-dist/fonts/type1/public/amsfonts/cm/cmbx8.pfb></usr/
local/texlive/2023/texmf-dist/fonts/type1/public/amsfonts/cm/cmmi10.pfb></usr/l
ocal/texlive/2023/texmf-dist/fonts/type1/public/amsfonts/cm/cmmi12.pfb></usr/lo
cal/texlive/2023/texmf-dist/fonts/type1/public/amsfonts/cm/cmr10.pfb></usr/loca
l/texlive/2023/texmf-dist/fonts/type1/public/amsfonts/cm/cmr12.pfb></usr/local/
texlive/2023/texmf-dist/fonts/type1/public/amsfonts/cm/cmr17.pfb></usr/local/te
xlive/2023/texmf-dist/fonts/type1/public/amsfonts/cm/cmr8.pfb></usr/local/texli
ve/2023/texmf-dist/fonts/type1/public/amsfonts/cm/cmsy10.pfb></usr/local/texliv
e/2023/texmf-dist/fonts/type1/public/amsfonts/cm/cmsy8.pfb></usr/local/texlive/
2023/texmf-dist/fonts/type1/public/amsfonts/cm/cmti12.pfb></usr/local/texlive/2
023/texmf-dist/fonts/type1/public/amsfonts/cm/cmti8.pfb></usr/local/texlive/202
3/texmf-dist/fonts/type1/public/amsfonts/cm/cmtt12.pfb></usr/local/texlive/2023
/texmf-dist/fonts/type1/public/cm-super/sfrm1000.pfb></usr/local/texlive/2023/t
exmf-dist/fonts/type1/public/cm-super/sfrm1095.pfb></usr/local/texlive/2023/tex
mf-dist/fonts/type1/public/cm-super/sfrm1200.pfb>
Output written on "/Applications/study/CFA/Level 1/financial analysis/financial
 analysis.pdf" (54 pages, 319765 bytes).
PDF statistics:
 265 PDF objects out of 1000 (max. 8388607)
 173 compressed objects within 2 object streams
 0 named destinations out of 1000 (max. 500000)
 1 words of extra memory for PDF output out of 10000 (max. 10000000)

